
> @wiredwp/robinpath@0.20.9 test
> npm run build && node test/run.js 4


> @wiredwp/robinpath@0.20.9 build
> vite build

You are using Node.js 18.15.0. Vite requires Node.js version 20.19+ or 22.12+. Please upgrade your Node.js version.
vite v7.2.4 building client environment for production...
transforming...
âœ“ 41 modules transformed.
rendering chunks...

[vite:dts] Start generate declaration files...
[96msrc/classes/Executor.ts[0m:[93m26[0m:[93m1[0m - [91merror[0m[90m TS6133: [0m'ExpressionEvaluator' is declared but its value is never read.

[7m26[0m import { ExpressionEvaluator } from './ExpressionEvaluator';
[7m  [0m [91m~~~~~~~~~~~~~~~~~~~~~~~~~~~~~~~~~~~~~~~~~~~~~~~~~~~~~~~~~~~~[0m
[96msrc/classes/RobinPathThread.ts[0m:[93m502[0m:[93m41[0m - [91merror[0m[90m TS2551: [0mProperty 'conditionExpr' does not exist on type 'InlineIf'. Did you mean 'condition'?

[7m502[0m                     conditionExpr: stmt.conditionExpr,
[7m   [0m [91m                                        ~~~~~~~~~~~~~[0m

  [96msrc/types/Ast.type.ts[0m:[93m290[0m:[93m5[0m
    [7m290[0m     condition: Expression;
    [7m   [0m [96m    ~~~~~~~~~[0m
    'condition' is declared here.
[96msrc/classes/RobinPathThread.ts[0m:[93m508[0m:[93m41[0m - [91merror[0m[90m TS2551: [0mProperty 'conditionExpr' does not exist on type 'IfBlock'. Did you mean 'condition'?

[7m508[0m                     conditionExpr: stmt.conditionExpr,
[7m   [0m [91m                                        ~~~~~~~~~~~~~[0m

  [96msrc/types/Ast.type.ts[0m:[93m301[0m:[93m5[0m
    [7m301[0m     condition: Expression;
    [7m   [0m [96m    ~~~~~~~~~[0m
    'condition' is declared here.
[96msrc/classes/RobinPathThread.ts[0m:[93m542[0m:[93m40[0m - [91merror[0m[90m TS2551: [0mProperty 'iterableExpr' does not exist on type 'ForLoop'. Did you mean 'iterable'?

[7m542[0m                     iterableExpr: stmt.iterableExpr,
[7m   [0m [91m                                       ~~~~~~~~~~~~[0m

  [96msrc/types/Ast.type.ts[0m:[93m378[0m:[93m5[0m
    [7m378[0m     iterable: Expression;
    [7m   [0m [96m    ~~~~~~~~[0m
    'iterable' is declared here.
[96msrc/index.ts[0m:[93m40[0m:[93m5[0m - [91merror[0m[90m TS6196: [0m'CommandCall' is declared but never used.

[7m40[0m     CommandCall,
[7m  [0m [91m    ~~~~~~~~~~~[0m
[96msrc/index.ts[0m:[93m41[0m:[93m5[0m - [91merror[0m[90m TS6196: [0m'Assignment' is declared but never used.

[7m41[0m     Assignment,
[7m  [0m [91m    ~~~~~~~~~~[0m
[96msrc/index.ts[0m:[93m42[0m:[93m5[0m - [91merror[0m[90m TS6196: [0m'ShorthandAssignment' is declared but never used.

[7m42[0m     ShorthandAssignment,
[7m  [0m [91m    ~~~~~~~~~~~~~~~~~~~[0m
[96msrc/index.ts[0m:[93m43[0m:[93m5[0m - [91merror[0m[90m TS6196: [0m'InlineIf' is declared but never used.

[7m43[0m     InlineIf,
[7m  [0m [91m    ~~~~~~~~[0m
[96msrc/index.ts[0m:[93m44[0m:[93m5[0m - [91merror[0m[90m TS6196: [0m'IfBlock' is declared but never used.

[7m44[0m     IfBlock,
[7m  [0m [91m    ~~~~~~~[0m
[96msrc/index.ts[0m:[93m45[0m:[93m5[0m - [91merror[0m[90m TS6196: [0m'IfTrue' is declared but never used.

[7m45[0m     IfTrue,
[7m  [0m [91m    ~~~~~~[0m
[96msrc/index.ts[0m:[93m46[0m:[93m5[0m - [91merror[0m[90m TS6196: [0m'IfFalse' is declared but never used.

[7m46[0m     IfFalse,
[7m  [0m [91m    ~~~~~~~[0m
[96msrc/index.ts[0m:[93m50[0m:[93m5[0m - [91merror[0m[90m TS6196: [0m'ForLoop' is declared but never used.

[7m50[0m     ForLoop,
[7m  [0m [91m    ~~~~~~~[0m
[96msrc/index.ts[0m:[93m51[0m:[93m5[0m - [91merror[0m[90m TS6196: [0m'ReturnStatement' is declared but never used.

[7m51[0m     ReturnStatement,
[7m  [0m [91m    ~~~~~~~~~~~~~~~[0m
[96msrc/index.ts[0m:[93m52[0m:[93m5[0m - [91merror[0m[90m TS6196: [0m'BreakStatement' is declared but never used.

[7m52[0m     BreakStatement,
[7m  [0m [91m    ~~~~~~~~~~~~~~[0m
[96msrc/index.ts[0m:[93m54[0m:[93m5[0m - [91merror[0m[90m TS6196: [0m'CommentStatement' is declared but never used.

[7m54[0m     CommentStatement,
[7m  [0m [91m    ~~~~~~~~~~~~~~~~[0m
[96msrc/index.ts[0m:[93m55[0m:[93m5[0m - [91merror[0m[90m TS6196: [0m'CommentWithPosition' is declared but never used.

[7m55[0m     CommentWithPosition,
[7m  [0m [91m    ~~~~~~~~~~~~~~~~~~~[0m
[96msrc/index.ts[0m:[93m56[0m:[93m5[0m - [91merror[0m[90m TS6196: [0m'CodePosition' is declared but never used.

[7m56[0m     CodePosition,
[7m  [0m [91m    ~~~~~~~~~~~~[0m
[96msrc/index.ts[0m:[93m57[0m:[93m5[0m - [91merror[0m[90m TS6196: [0m'DecoratorCall' is declared but never used.

[7m57[0m     DecoratorCall
[7m  [0m [91m    ~~~~~~~~~~~~~[0m
[96msrc/index.ts[0m:[93m1448[0m:[93m41[0m - [91merror[0m[90m TS2551: [0mProperty 'conditionExpr' does not exist on type 'InlineIf'. Did you mean 'condition'?

[7m1448[0m                     conditionExpr: stmt.conditionExpr,
[7m    [0m [91m                                        ~~~~~~~~~~~~~[0m

  [96msrc/types/Ast.type.ts[0m:[93m290[0m:[93m5[0m
    [7m290[0m     condition: Expression;
    [7m   [0m [96m    ~~~~~~~~~[0m
    'condition' is declared here.
[96msrc/index.ts[0m:[93m1454[0m:[93m41[0m - [91merror[0m[90m TS2551: [0mProperty 'conditionExpr' does not exist on type 'IfBlock'. Did you mean 'condition'?

[7m1454[0m                     conditionExpr: stmt.conditionExpr,
[7m    [0m [91m                                        ~~~~~~~~~~~~~[0m

  [96msrc/types/Ast.type.ts[0m:[93m301[0m:[93m5[0m
    [7m301[0m     condition: Expression;
    [7m   [0m [96m    ~~~~~~~~~[0m
    'condition' is declared here.
[96msrc/index.ts[0m:[93m1456[0m:[93m62[0m - [91merror[0m[90m TS2345: [0mArgument of type '(branch: { condition: string; body: Statement[]; }) => { condition: string; body: any[]; }' is not assignable to parameter of type '(value: { condition: Expression; body: Statement[]; }, index: number, array: { condition: Expression; body: Statement[]; }[]) => { condition: string; body: any[]; }'.
  Types of parameters 'branch' and 'value' are incompatible.
    Type '{ condition: Expression; body: Statement[]; }' is not assignable to type '{ condition: string; body: Statement[]; }'.
      Types of property 'condition' are incompatible.
        Type 'Expression' is not assignable to type 'string'.
          Type 'VarExpression' is not assignable to type 'string'.

[7m1456[0m                     elseifBranches: stmt.elseifBranches?.map((branch: { condition: string; body: Statement[] }) => ({
[7m    [0m [91m                                                             ~~~~~~~~~~~~~~~~~~~~~~~~~~~~~~~~~~~~~~~~~~~~~~~~~~~~~~~~[0m
[7m1457[0m                         condition: branch.condition,
[7m    [0m [91m~~~~~~~~~~~~~~~~~~~~~~~~~~~~~~~~~~~~~~~~~~~~~~~~~~~~[0m
[7m1458[0m                         body: branch.body.map((s: Statement) => this.serializeStatement(s, currentModuleContext))
[7m    [0m [91m~~~~~~~~~~~~~~~~~~~~~~~~~~~~~~~~~~~~~~~~~~~~~~~~~~~~~~~~~~~~~~~~~~~~~~~~~~~~~~~~~~~~~~~~~~~~~~~~~~~~~~~~~~~~~~~~~[0m
[7m1459[0m                     })),
[7m    [0m [91m~~~~~~~~~~~~~~~~~~~~~~[0m
[96msrc/index.ts[0m:[93m1489[0m:[93m40[0m - [91merror[0m[90m TS2551: [0mProperty 'iterableExpr' does not exist on type 'ForLoop'. Did you mean 'iterable'?

[7m1489[0m                     iterableExpr: stmt.iterableExpr,
[7m    [0m [91m                                       ~~~~~~~~~~~~[0m

  [96msrc/types/Ast.type.ts[0m:[93m378[0m:[93m5[0m
    [7m378[0m     iterable: Expression;
    [7m   [0m [96m    ~~~~~~~~[0m
    'iterable' is declared here.
[96msrc/parsers/archived/ArgumentParser.ts[0m:[93m6[0m:[93m28[0m - [91merror[0m[90m TS2307: [0mCannot find module '../utils' or its corresponding type declarations.

[7m6[0m import { LexerUtils } from '../utils';
[7m [0m [91m                           ~~~~~~~~~~[0m
[96msrc/parsers/archived/ArgumentParser.ts[0m:[93m7[0m:[93m26[0m - [91merror[0m[90m TS2307: [0mCannot find module '../index' or its corresponding type declarations.

[7m7[0m import type { Arg } from '../index';
[7m [0m [91m                         ~~~~~~~~~~[0m
[96msrc/parsers/archived/BlockParserBase.ts[0m:[93m6[0m:[93m28[0m - [91merror[0m[90m TS2307: [0mCannot find module '../classes/Lexer' or its corresponding type declarations.

[7m6[0m import type { Token } from '../classes/Lexer';
[7m [0m [91m                           ~~~~~~~~~~~~~~~~~~[0m
[96msrc/parsers/archived/BlockParserBase.ts[0m:[93m7[0m:[93m29[0m - [91merror[0m[90m TS2307: [0mCannot find module '../classes/TokenStream' or its corresponding type declarations.

[7m7[0m import { TokenStream } from '../classes/TokenStream';
[7m [0m [91m                            ~~~~~~~~~~~~~~~~~~~~~~~~[0m
[96msrc/parsers/archived/BlockParserBase.ts[0m:[93m8[0m:[93m28[0m - [91merror[0m[90m TS2307: [0mCannot find module '../utils' or its corresponding type declarations.

[7m8[0m import { LexerUtils } from '../utils';
[7m [0m [91m                           ~~~~~~~~~~[0m
[96msrc/parsers/archived/BlockParserBase.ts[0m:[93m9[0m:[93m85[0m - [91merror[0m[90m TS2307: [0mCannot find module '../types/Ast.type' or its corresponding type declarations.

[7m9[0m import type { CodePosition, CommentWithPosition, Statement, CommentStatement } from '../types/Ast.type';
[7m [0m [91m                                                                                    ~~~~~~~~~~~~~~~~~~~[0m
[96msrc/parsers/archived/BlockParserBase.ts[0m:[93m10[0m:[93m43[0m - [91merror[0m[90m TS2307: [0mCannot find module '../utils/types' or its corresponding type declarations.

[7m10[0m import type { AttributePathSegment } from '../utils/types';
[7m  [0m [91m                                          ~~~~~~~~~~~~~~~~[0m
[96msrc/parsers/archived/BreakParser.ts[0m:[93m10[0m:[93m34[0m - [91merror[0m[90m TS2307: [0mCannot find module '../classes/Lexer' or its corresponding type declarations.

[7m10[0m import { Lexer, TokenKind } from '../classes/Lexer';
[7m  [0m [91m                                 ~~~~~~~~~~~~~~~~~~[0m
[96msrc/parsers/archived/BreakParser.ts[0m:[93m11[0m:[93m28[0m - [91merror[0m[90m TS2307: [0mCannot find module '../classes/Lexer' or its corresponding type declarations.

[7m11[0m import type { Token } from '../classes/Lexer';
[7m  [0m [91m                           ~~~~~~~~~~~~~~~~~~[0m
[96msrc/parsers/archived/BreakParser.ts[0m:[93m12[0m:[93m29[0m - [91merror[0m[90m TS2307: [0mCannot find module '../classes/TokenStream' or its corresponding type declarations.

[7m12[0m import { TokenStream } from '../classes/TokenStream';
[7m  [0m [91m                            ~~~~~~~~~~~~~~~~~~~~~~~~[0m
[96msrc/parsers/archived/BreakParser.ts[0m:[93m13[0m:[93m51[0m - [91merror[0m[90m TS2307: [0mCannot find module '../index' or its corresponding type declarations.

[7m13[0m import type { BreakStatement, CodePosition } from '../index';
[7m  [0m [91m                                                  ~~~~~~~~~~[0m
[96msrc/parsers/archived/CommandParser.ts[0m:[93m6[0m:[93m23[0m - [91merror[0m[90m TS2307: [0mCannot find module '../classes/Lexer' or its corresponding type declarations.

[7m6[0m import { Lexer } from '../classes/Lexer';
[7m [0m [91m                      ~~~~~~~~~~~~~~~~~~[0m
[96msrc/parsers/archived/CommandParser.ts[0m:[93m7[0m:[93m28[0m - [91merror[0m[90m TS2307: [0mCannot find module '../utils' or its corresponding type declarations.

[7m7[0m import { LexerUtils } from '../utils';
[7m [0m [91m                           ~~~~~~~~~~[0m
[96msrc/parsers/archived/CommandParser.ts[0m:[93m9[0m:[93m65[0m - [91merror[0m[90m TS2307: [0mCannot find module '../types/Ast.type' or its corresponding type declarations.

[7m9[0m import type { CommandCall, Arg, ScopeBlock, CodePosition } from '../types/Ast.type';
[7m [0m [91m                                                                ~~~~~~~~~~~~~~~~~~~[0m
[96msrc/parsers/archived/CommandParser.ts[0m:[93m10[0m:[93m43[0m - [91merror[0m[90m TS2307: [0mCannot find module '../utils/types' or its corresponding type declarations.

[7m10[0m import type { AttributePathSegment } from '../utils/types';
[7m  [0m [91m                                          ~~~~~~~~~~~~~~~~[0m
[96msrc/parsers/archived/DefineParser.ts[0m:[93m15[0m:[93m34[0m - [91merror[0m[90m TS2307: [0mCannot find module '../classes/Lexer' or its corresponding type declarations.

[7m15[0m import { Lexer, TokenKind } from '../classes/Lexer';
[7m  [0m [91m                                 ~~~~~~~~~~~~~~~~~~[0m
[96msrc/parsers/archived/DefineParser.ts[0m:[93m16[0m:[93m28[0m - [91merror[0m[90m TS2307: [0mCannot find module '../classes/Lexer' or its corresponding type declarations.

[7m16[0m import type { Token } from '../classes/Lexer';
[7m  [0m [91m                           ~~~~~~~~~~~~~~~~~~[0m
[96msrc/parsers/archived/DefineParser.ts[0m:[93m17[0m:[93m29[0m - [91merror[0m[90m TS2307: [0mCannot find module '../classes/TokenStream' or its corresponding type declarations.

[7m17[0m import { TokenStream } from '../classes/TokenStream';
[7m  [0m [91m                            ~~~~~~~~~~~~~~~~~~~~~~~~[0m
[96msrc/parsers/archived/DefineParser.ts[0m:[93m18[0m:[93m28[0m - [91merror[0m[90m TS2307: [0mCannot find module '../utils' or its corresponding type declarations.

[7m18[0m import { LexerUtils } from '../utils';
[7m  [0m [91m                           ~~~~~~~~~~[0m
[96msrc/parsers/archived/DefineParser.ts[0m:[93m20[0m:[93m69[0m - [91merror[0m[90m TS2307: [0mCannot find module '../types/Ast.type' or its corresponding type declarations.

[7m20[0m import type { CommentWithPosition, DefineFunction, Statement } from '../types/Ast.type';
[7m  [0m [91m                                                                    ~~~~~~~~~~~~~~~~~~~[0m
[96msrc/parsers/archived/ForLoopParser.ts[0m:[93m15[0m:[93m34[0m - [91merror[0m[90m TS2307: [0mCannot find module '../classes/Lexer' or its corresponding type declarations.

[7m15[0m import { Lexer, TokenKind } from '../classes/Lexer';
[7m  [0m [91m                                 ~~~~~~~~~~~~~~~~~~[0m
[96msrc/parsers/archived/ForLoopParser.ts[0m:[93m16[0m:[93m28[0m - [91merror[0m[90m TS2307: [0mCannot find module '../classes/Lexer' or its corresponding type declarations.

[7m16[0m import type { Token } from '../classes/Lexer';
[7m  [0m [91m                           ~~~~~~~~~~~~~~~~~~[0m
[96msrc/parsers/archived/ForLoopParser.ts[0m:[93m17[0m:[93m29[0m - [91merror[0m[90m TS2307: [0mCannot find module '../classes/TokenStream' or its corresponding type declarations.

[7m17[0m import { TokenStream } from '../classes/TokenStream';
[7m  [0m [91m                            ~~~~~~~~~~~~~~~~~~~~~~~~[0m
[96msrc/parsers/archived/ForLoopParser.ts[0m:[93m18[0m:[93m28[0m - [91merror[0m[90m TS2307: [0mCannot find module '../utils' or its corresponding type declarations.

[7m18[0m import { LexerUtils } from '../utils';
[7m  [0m [91m                           ~~~~~~~~~~[0m
[96msrc/parsers/archived/ForLoopParser.ts[0m:[93m20[0m:[93m62[0m - [91merror[0m[90m TS2307: [0mCannot find module '../types/Ast.type' or its corresponding type declarations.

[7m20[0m import type { CommentWithPosition, ForLoop, Statement } from '../types/Ast.type';
[7m  [0m [91m                                                             ~~~~~~~~~~~~~~~~~~~[0m
[96msrc/parsers/archived/IfBlockParser.ts[0m:[93m15[0m:[93m34[0m - [91merror[0m[90m TS2307: [0mCannot find module '../classes/Lexer' or its corresponding type declarations.

[7m15[0m import { Lexer, TokenKind } from '../classes/Lexer';
[7m  [0m [91m                                 ~~~~~~~~~~~~~~~~~~[0m
[96msrc/parsers/archived/IfBlockParser.ts[0m:[93m16[0m:[93m28[0m - [91merror[0m[90m TS2307: [0mCannot find module '../classes/Lexer' or its corresponding type declarations.

[7m16[0m import type { Token } from '../classes/Lexer';
[7m  [0m [91m                           ~~~~~~~~~~~~~~~~~~[0m
[96msrc/parsers/archived/IfBlockParser.ts[0m:[93m17[0m:[93m29[0m - [91merror[0m[90m TS2307: [0mCannot find module '../classes/TokenStream' or its corresponding type declarations.

[7m17[0m import { TokenStream } from '../classes/TokenStream';
[7m  [0m [91m                            ~~~~~~~~~~~~~~~~~~~~~~~~[0m
[96msrc/parsers/archived/IfBlockParser.ts[0m:[93m19[0m:[93m62[0m - [91merror[0m[90m TS2307: [0mCannot find module '../types/Ast.type' or its corresponding type declarations.

[7m19[0m import type { CommentWithPosition, IfBlock, Statement } from '../types/Ast.type';
[7m  [0m [91m                                                             ~~~~~~~~~~~~~~~~~~~[0m
[96msrc/parsers/archived/InlineIfParser.ts[0m:[93m15[0m:[93m34[0m - [91merror[0m[90m TS2307: [0mCannot find module '../classes/Lexer' or its corresponding type declarations.

[7m15[0m import { Lexer, TokenKind } from '../classes/Lexer';
[7m  [0m [91m                                 ~~~~~~~~~~~~~~~~~~[0m
[96msrc/parsers/archived/InlineIfParser.ts[0m:[93m16[0m:[93m28[0m - [91merror[0m[90m TS2307: [0mCannot find module '../classes/Lexer' or its corresponding type declarations.

[7m16[0m import type { Token } from '../classes/Lexer';
[7m  [0m [91m                           ~~~~~~~~~~~~~~~~~~[0m
[96msrc/parsers/archived/InlineIfParser.ts[0m:[93m17[0m:[93m29[0m - [91merror[0m[90m TS2307: [0mCannot find module '../classes/TokenStream' or its corresponding type declarations.

[7m17[0m import { TokenStream } from '../classes/TokenStream';
[7m  [0m [91m                            ~~~~~~~~~~~~~~~~~~~~~~~~[0m
[96msrc/parsers/archived/InlineIfParser.ts[0m:[93m18[0m:[93m28[0m - [91merror[0m[90m TS2307: [0mCannot find module '../utils' or its corresponding type declarations.

[7m18[0m import { LexerUtils } from '../utils';
[7m  [0m [91m                           ~~~~~~~~~~[0m
[96msrc/parsers/archived/InlineIfParser.ts[0m:[93m20[0m:[93m90[0m - [91merror[0m[90m TS2307: [0mCannot find module '../types/Ast.type' or its corresponding type declarations.

[7m20[0m import type { InlineIf, Statement, CommandCall, CommentWithPosition, CodePosition } from '../types/Ast.type';
[7m  [0m [91m                                                                                         ~~~~~~~~~~~~~~~~~~~[0m
[96msrc/parsers/archived/OnBlockParser.ts[0m:[93m15[0m:[93m34[0m - [91merror[0m[90m TS2307: [0mCannot find module '../classes/Lexer' or its corresponding type declarations.

[7m15[0m import { Lexer, TokenKind } from '../classes/Lexer';
[7m  [0m [91m                                 ~~~~~~~~~~~~~~~~~~[0m
[96msrc/parsers/archived/OnBlockParser.ts[0m:[93m16[0m:[93m28[0m - [91merror[0m[90m TS2307: [0mCannot find module '../classes/Lexer' or its corresponding type declarations.

[7m16[0m import type { Token } from '../classes/Lexer';
[7m  [0m [91m                           ~~~~~~~~~~~~~~~~~~[0m
[96msrc/parsers/archived/OnBlockParser.ts[0m:[93m17[0m:[93m29[0m - [91merror[0m[90m TS2307: [0mCannot find module '../classes/TokenStream' or its corresponding type declarations.

[7m17[0m import { TokenStream } from '../classes/TokenStream';
[7m  [0m [91m                            ~~~~~~~~~~~~~~~~~~~~~~~~[0m
[96msrc/parsers/archived/OnBlockParser.ts[0m:[93m18[0m:[93m28[0m - [91merror[0m[90m TS2307: [0mCannot find module '../utils' or its corresponding type declarations.

[7m18[0m import { LexerUtils } from '../utils';
[7m  [0m [91m                           ~~~~~~~~~~[0m
[96msrc/parsers/archived/OnBlockParser.ts[0m:[93m20[0m:[93m62[0m - [91merror[0m[90m TS2307: [0mCannot find module '../types/Ast.type' or its corresponding type declarations.

[7m20[0m import type { Statement, CommentWithPosition, OnBlock } from '../types/Ast.type';
[7m  [0m [91m                                                             ~~~~~~~~~~~~~~~~~~~[0m
[96msrc/parsers/archived/ReturnParser.ts[0m:[93m10[0m:[93m34[0m - [91merror[0m[90m TS2307: [0mCannot find module '../classes/Lexer' or its corresponding type declarations.

[7m10[0m import { Lexer, TokenKind } from '../classes/Lexer';
[7m  [0m [91m                                 ~~~~~~~~~~~~~~~~~~[0m
[96msrc/parsers/archived/ReturnParser.ts[0m:[93m11[0m:[93m28[0m - [91merror[0m[90m TS2307: [0mCannot find module '../classes/Lexer' or its corresponding type declarations.

[7m11[0m import type { Token } from '../classes/Lexer';
[7m  [0m [91m                           ~~~~~~~~~~~~~~~~~~[0m
[96msrc/parsers/archived/ReturnParser.ts[0m:[93m12[0m:[93m29[0m - [91merror[0m[90m TS2307: [0mCannot find module '../classes/TokenStream' or its corresponding type declarations.

[7m12[0m import { TokenStream } from '../classes/TokenStream';
[7m  [0m [91m                            ~~~~~~~~~~~~~~~~~~~~~~~~[0m
[96msrc/parsers/archived/ReturnParser.ts[0m:[93m13[0m:[93m28[0m - [91merror[0m[90m TS2307: [0mCannot find module '../utils' or its corresponding type declarations.

[7m13[0m import { LexerUtils } from '../utils';
[7m  [0m [91m                           ~~~~~~~~~~[0m
[96msrc/parsers/archived/ReturnParser.ts[0m:[93m14[0m:[93m57[0m - [91merror[0m[90m TS2307: [0mCannot find module '../types/Ast.type' or its corresponding type declarations.

[7m14[0m import type { ReturnStatement, Arg, CodePosition } from '../types/Ast.type';
[7m  [0m [91m                                                        ~~~~~~~~~~~~~~~~~~~[0m
[96msrc/parsers/archived/ScopeParser.ts[0m:[93m13[0m:[93m34[0m - [91merror[0m[90m TS2307: [0mCannot find module '../classes/Lexer' or its corresponding type declarations.

[7m13[0m import { Lexer, TokenKind } from '../classes/Lexer';
[7m  [0m [91m                                 ~~~~~~~~~~~~~~~~~~[0m
[96msrc/parsers/archived/ScopeParser.ts[0m:[93m14[0m:[93m28[0m - [91merror[0m[90m TS2307: [0mCannot find module '../classes/Lexer' or its corresponding type declarations.

[7m14[0m import type { Token } from '../classes/Lexer';
[7m  [0m [91m                           ~~~~~~~~~~~~~~~~~~[0m
[96msrc/parsers/archived/ScopeParser.ts[0m:[93m15[0m:[93m29[0m - [91merror[0m[90m TS2307: [0mCannot find module '../classes/TokenStream' or its corresponding type declarations.

[7m15[0m import { TokenStream } from '../classes/TokenStream';
[7m  [0m [91m                            ~~~~~~~~~~~~~~~~~~~~~~~~[0m
[96msrc/parsers/archived/ScopeParser.ts[0m:[93m16[0m:[93m28[0m - [91merror[0m[90m TS2307: [0mCannot find module '../utils' or its corresponding type declarations.

[7m16[0m import { LexerUtils } from '../utils';
[7m  [0m [91m                           ~~~~~~~~~~[0m
[96msrc/parsers/archived/ScopeParser.ts[0m:[93m18[0m:[93m65[0m - [91merror[0m[90m TS2307: [0mCannot find module '../types/Ast.type' or its corresponding type declarations.

[7m18[0m import type { CommentWithPosition, ScopeBlock, Statement } from '../types/Ast.type';
[7m  [0m [91m                                                                ~~~~~~~~~~~~~~~~~~~[0m
[96msrc/parsers/archived/ScopeParser.ts[0m:[93m19[0m:[93m43[0m - [91merror[0m[90m TS2307: [0mCannot find module '../utils/types' or its corresponding type declarations.

[7m19[0m import type { AttributePathSegment } from '../utils/types';
[7m  [0m [91m                                          ~~~~~~~~~~~~~~~~[0m
[96msrc/parsers/archived/TogetherBlockParser.ts[0m:[93m15[0m:[93m34[0m - [91merror[0m[90m TS2307: [0mCannot find module '../classes/Lexer' or its corresponding type declarations.

[7m15[0m import { Lexer, TokenKind } from '../classes/Lexer';
[7m  [0m [91m                                 ~~~~~~~~~~~~~~~~~~[0m
[96msrc/parsers/archived/TogetherBlockParser.ts[0m:[93m16[0m:[93m28[0m - [91merror[0m[90m TS2307: [0mCannot find module '../classes/Lexer' or its corresponding type declarations.

[7m16[0m import type { Token } from '../classes/Lexer';
[7m  [0m [91m                           ~~~~~~~~~~~~~~~~~~[0m
[96msrc/parsers/archived/TogetherBlockParser.ts[0m:[93m17[0m:[93m29[0m - [91merror[0m[90m TS2307: [0mCannot find module '../classes/TokenStream' or its corresponding type declarations.

[7m17[0m import { TokenStream } from '../classes/TokenStream';
[7m  [0m [91m                            ~~~~~~~~~~~~~~~~~~~~~~~~[0m
[96msrc/parsers/archived/TogetherBlockParser.ts[0m:[93m20[0m:[93m69[0m - [91merror[0m[90m TS2307: [0mCannot find module '../types/Ast.type' or its corresponding type declarations.

[7m20[0m import type { CommentWithPosition, TogetherBlock, ScopeBlock } from '../types/Ast.type';
[7m  [0m [91m                                                                    ~~~~~~~~~~~~~~~~~~~[0m
[96msrc/parsers/archived/TogetherBlockParser.ts[0m:[93m126[0m:[93m55[0m - [91merror[0m[90m TS7006: [0mParameter 't' implicitly has an 'any' type.

[7m126[0m             const doTokenIndex = lineTokens.findIndex(t => t.kind === TokenKind.KEYWORD && t.text === 'do');
[7m   [0m [91m                                                      ~[0m
[96msrc/parsers/archived/WithScopeParser.ts[0m:[93m15[0m:[93m34[0m - [91merror[0m[90m TS2307: [0mCannot find module '../classes/Lexer' or its corresponding type declarations.

[7m15[0m import { Lexer, TokenKind } from '../classes/Lexer';
[7m  [0m [91m                                 ~~~~~~~~~~~~~~~~~~[0m
[96msrc/parsers/archived/WithScopeParser.ts[0m:[93m16[0m:[93m28[0m - [91merror[0m[90m TS2307: [0mCannot find module '../classes/Lexer' or its corresponding type declarations.

[7m16[0m import type { Token } from '../classes/Lexer';
[7m  [0m [91m                           ~~~~~~~~~~~~~~~~~~[0m
[96msrc/parsers/archived/WithScopeParser.ts[0m:[93m17[0m:[93m29[0m - [91merror[0m[90m TS2307: [0mCannot find module '../classes/TokenStream' or its corresponding type declarations.

[7m17[0m import { TokenStream } from '../classes/TokenStream';
[7m  [0m [91m                            ~~~~~~~~~~~~~~~~~~~~~~~~[0m
[96msrc/parsers/archived/WithScopeParser.ts[0m:[93m18[0m:[93m28[0m - [91merror[0m[90m TS2307: [0mCannot find module '../utils' or its corresponding type declarations.

[7m18[0m import { LexerUtils } from '../utils';
[7m  [0m [91m                           ~~~~~~~~~~[0m
[96msrc/parsers/archived/WithScopeParser.ts[0m:[93m20[0m:[93m65[0m - [91merror[0m[90m TS2307: [0mCannot find module '../types/Ast.type' or its corresponding type declarations.

[7m20[0m import type { CommentWithPosition, ScopeBlock, Statement } from '../types/Ast.type';
[7m  [0m [91m                                                                ~~~~~~~~~~~~~~~~~~~[0m
[96msrc/parsers/archived/WithScopeParser.ts[0m:[93m21[0m:[93m43[0m - [91merror[0m[90m TS2307: [0mCannot find module '../utils/types' or its corresponding type declarations.

[7m21[0m import type { AttributePathSegment } from '../utils/types';
[7m  [0m [91m                                          ~~~~~~~~~~~~~~~~[0m
[96msrc/parsers/AssignmentParser.ts[0m:[93m13[0m:[93m27[0m - [91merror[0m[90m TS6196: [0m'CommandCall' is declared but never used.

[7m13[0m import type { Assignment, CommandCall, CodePosition, Arg } from '../types/Ast.type';
[7m  [0m [91m                          ~~~~~~~~~~~[0m
[96msrc/parsers/AssignmentParser.ts[0m:[93m13[0m:[93m54[0m - [91merror[0m[90m TS6196: [0m'Arg' is declared but never used.

[7m13[0m import type { Assignment, CommandCall, CodePosition, Arg } from '../types/Ast.type';
[7m  [0m [91m                                                     ~~~[0m
[96msrc/parsers/AssignmentParser.ts[0m:[93m14[0m:[93m1[0m - [91merror[0m[90m TS6133: [0m'AttributePathSegment' is declared but its value is never read.

[7m14[0m import type { AttributePathSegment } from '../utils/types';
[7m  [0m [91m~~~~~~~~~~~~~~~~~~~~~~~~~~~~~~~~~~~~~~~~~~~~~~~~~~~~~~~~~~~[0m
[96msrc/parsers/CommandParser.ts[0m:[93m123[0m:[93m9[0m - [91merror[0m[90m TS6133: [0m'startLine' is declared but its value is never read.

[7m123[0m         startLine: number,
[7m   [0m [91m        ~~~~~~~~~[0m
[96msrc/parsers/CommandParser.ts[0m:[93m190[0m:[93m51[0m - [91merror[0m[90m TS2322: [0mType 'Record<string, Arg>' is not assignable to type 'Record<string, Expression>'.
  'string' index signatures are incompatible.
    Type 'Arg' is not assignable to type 'Expression'.
      Type 'NamedArgsExpression' is not assignable to type 'Expression'.
        Property 'callee' is missing in type 'NamedArgsExpression' but required in type 'CallExpression'.

[7m190[0m                 allArgs.push({ type: 'namedArgs', args: namedArgs });
[7m   [0m [91m                                                  ~~~~[0m

  [96msrc/types/Ast.type.ts[0m:[93m174[0m:[93m5[0m
    [7m174[0m     callee: string;
    [7m   [0m [96m    ~~~~~~[0m
    'callee' is declared here.
[96msrc/parsers/CommandParser.ts[0m:[93m237[0m:[93m9[0m - [91merror[0m[90m TS6133: [0m'startLine' is declared but its value is never read.

[7m237[0m         startLine: number,
[7m   [0m [91m        ~~~~~~~~~[0m
[96msrc/parsers/CommandParser.ts[0m:[93m245[0m:[93m19[0m - [91merror[0m[90m TS2322: [0mType 'never[]' is not assignable to type 'Record<string, Arg>'.
  Index signature for type 'string' is missing in type 'never[]'.

[7m245[0m             const namedArgs: Record<string, Arg> = [];
[7m   [0m [91m                  ~~~~~~~~~[0m
[96msrc/parsers/CommandParser.ts[0m:[93m357[0m:[93m47[0m - [91merror[0m[90m TS2322: [0mType 'Record<string, Arg>' is not assignable to type 'Record<string, Expression>'.
  'string' index signatures are incompatible.
    Type 'Arg' is not assignable to type 'Expression'.
      Type 'NamedArgsExpression' is not assignable to type 'Expression'.
        Property 'callee' is missing in type 'NamedArgsExpression' but required in type 'CallExpression'.

[7m357[0m             allArgs.push({ type: 'namedArgs', args: namedArgs });
[7m   [0m [91m                                              ~~~~[0m

  [96msrc/types/Ast.type.ts[0m:[93m174[0m:[93m5[0m
    [7m174[0m     callee: string;
    [7m   [0m [96m    ~~~~~~[0m
    'callee' is declared here.
[96msrc/parsers/CommandParser.ts[0m:[93m446[0m:[93m9[0m - [91merror[0m[90m TS6133: [0m'context' is declared but its value is never read.

[7m446[0m         context?: CommandParserContext
[7m   [0m [91m        ~~~~~~~[0m
[96msrc/parsers/CommandParser.ts[0m:[93m492[0m:[93m13[0m - [91merror[0m[90m TS2367: [0mThis comparison appears to be unintentional because the types '"IDENTIFIER" | "KEYWORD" | "ASSIGN" | "PLUS" | "MINUS" | "MULTIPLY" | "DIVIDE" | "MODULO" | "EQ" | "NE" | "GT" | "LT" | "GTE" | "LTE" | "AND" | "OR" | "NOT" | "LPAREN" | "RPAREN" | ... 10 more ... | "EOF"' and '"VARIABLE"' have no overlap.

[7m492[0m         if (token.kind === TokenKind.VARIABLE && token.text === '$') {
[7m   [0m [91m            ~~~~~~~~~~~~~~~~~~~~~~~~~~~~~~~~~[0m
[96msrc/parsers/ExpressionParser.ts[0m:[93m127[0m:[93m48[0m - [91merror[0m[90m TS2345: [0mArgument of type 'Token | { line: number; column: number; text: string; }' is not assignable to parameter of type 'Token'.
  Property 'kind' is missing in type '{ line: number; column: number; text: string; }' but required in type 'Token'.

[7m127[0m             codePos: createCodePosition(token, argument.codePos ? { line: (argument.codePos.endRow + 1), column: argument.codePos.endCol, text: '' } : token)
[7m   [0m [91m                                               ~~~~~~~~~~~~~~~~~~~~~~~~~~~~~~~~~~~~~~~~~~~~~~~~~~~~~~~~~~~~~~~~~~~~~~~~~~~~~~~~~~~~~~~~~~~~~~~~~~~~~~~~~~~~~[0m

  [96msrc/classes/Lexer.ts[0m:[93m94[0m:[93m5[0m
    [7m94[0m     kind: TokenKind;
    [7m  [0m [96m    ~~~~[0m
    'kind' is declared here.
[96msrc/parsers/IfBlockParser.ts[0m:[93m6[0m:[93m23[0m - [91merror[0m[90m TS6133: [0m'ParsingContext' is declared but its value is never read.

[7m6[0m import { TokenStream, ParsingContext } from '../classes/TokenStream';
[7m [0m [91m                      ~~~~~~~~~~~~~~[0m
[96msrc/parsers/IfBlockParser.ts[0m:[93m10[0m:[93m45[0m - [91merror[0m[90m TS6196: [0m'CommentWithPosition' is declared but never used.

[7m10[0m import type { IfBlock, InlineIf, Statement, CommentWithPosition, CodePosition, Expression } from '../types/Ast.type';
[7m  [0m [91m                                            ~~~~~~~~~~~~~~~~~~~[0m
[96msrc/utils/errorFormatter.ts[0m:[93m98[0m:[93m23[0m - [91merror[0m[90m TS6133: [0m'indent' is declared but its value is never read.

[7m98[0m                 const indent = '  '; // Match the indentation above
[7m  [0m [91m                      ~~~~~~[0m

computing gzip size...
dist/index.js  321.96 kB â”‚ gzip: 62.39 kB
[vite:dts] Declaration files built in 1319ms.

âœ“ built in 1.75s
============================================================
Running RP Script Test 4: 04-loops.rp
============================================================

Note: This is a RobinPath language test written in .rp script format.

[Timeout] Starting 5000ms countdown...
Parser: Starting parse()
[Timeout] Fired!

============================================================
âœ— RP Script Test 4 (04-loops.rp) FAILED
============================================================
Error: Test execution timed out after 5000ms
    at Timeout._onTimeout (file:///Users/ryanlee/Dev/rightplace/robinpath/test/run.js:137:20)
    at listOnTimeout (node:internal/timers:569:17)
    at process.processTimers (node:internal/timers:512:7)
